  camera.cpp
  shader.cpp
  texture.cpp
  正在生成代码...
shader.obj : error LNK2001: 无法解析的外部符号 glad_glAttachShader
shader.obj : error LNK2001: 无法解析的外部符号 glad_glCompileShader
shader.obj : error LNK2001: 无法解析的外部符号 glad_glCreateProgram
shader.obj : error LNK2001: 无法解析的外部符号 glad_glCreateShader
shader.obj : error LNK2001: 无法解析的外部符号 glad_glGetProgramiv
shader.obj : error LNK2001: 无法解析的外部符号 glad_glGetProgramInfoLog
shader.obj : error LNK2001: 无法解析的外部符号 glad_glGetShaderiv
shader.obj : error LNK2001: 无法解析的外部符号 glad_glGetShaderInfoLog
shader.obj : error LNK2001: 无法解析的外部符号 glad_glLinkProgram
shader.obj : error LNK2001: 无法解析的外部符号 glad_glShaderSource
texture.obj : error LNK2019: 无法解析的外部符号 stbi_load，函数 "public: static unsigned int __cdecl TextureImporter::importTexture2D(char const *,int,int)" (?importTexture2D@TextureImporter@@SAIPEBDHH@Z) 中引用了该符号
texture.obj : error LNK2019: 无法解析的外部符号 stbi_image_free，函数 "public: static unsigned int __cdecl TextureImporter::importTexture2D(char const *,int,int)" (?importTexture2D@TextureImporter@@SAIPEBDHH@Z) 中引用了该符号
texture.obj : error LNK2019: 无法解析的外部符号 stbi_set_flip_vertically_on_load，函数 "public: static unsigned int __cdecl TextureImporter::importTexture2D(char const *,int,int)" (?importTexture2D@TextureImporter@@SAIPEBDHH@Z) 中引用了该符号
texture.obj : error LNK2001: 无法解析的外部符号 glad_glTexParameteri
texture.obj : error LNK2001: 无法解析的外部符号 glad_glTexImage2D
texture.obj : error LNK2001: 无法解析的外部符号 glad_glBindTexture
texture.obj : error LNK2001: 无法解析的外部符号 glad_glGenTextures
texture.obj : error LNK2001: 无法解析的外部符号 glad_glGenerateMipmap
MSVCRTD.lib(exe_main.obj) : error LNK2019: 无法解析的外部符号 main，函数 "int __cdecl invoke_main(void)" (?invoke_main@@YAHXZ) 中引用了该符号
E:\ddl\opengl\GLRender\x64\Debug\GLRender.exe : fatal error LNK1120: 19 个无法解析的外部命令
