e:\ddl\opengl\glrender\x64\debug\vc142.pdb
e:\ddl\opengl\glrender\x64\debug\vc142.idb
e:\ddl\opengl\glrender\x64\debug\texture.obj
e:\ddl\opengl\glrender\x64\debug\shader.obj
e:\ddl\opengl\glrender\x64\debug\camera.obj
d:\cg\opengl\glrender\x64\debug\vc142.pdb
d:\cg\opengl\glrender\x64\debug\vc142.idb
d:\cg\opengl\glrender\x64\debug\texture.obj
d:\cg\opengl\glrender\x64\debug\shader.obj
d:\cg\opengl\glrender\x64\debug\camera.obj
d:\cg\opengl\glrender\x64\debug\main.obj
e:\ddl\opengl\glrender\x64\debug\main.obj
e:\ddl\opengl\glrender\x64\debug\glrender.pdb
e:\ddl\opengl\glrender\x64\debug\glrender.tlog\cl.command.1.tlog
e:\ddl\opengl\glrender\x64\debug\glrender.tlog\cl.read.1.tlog
e:\ddl\opengl\glrender\x64\debug\glrender.tlog\cl.write.1.tlog
e:\ddl\opengl\glrender\x64\debug\glrender.tlog\link-cvtres.read.1.tlog
e:\ddl\opengl\glrender\x64\debug\glrender.tlog\link-cvtres.write.1.tlog
e:\ddl\opengl\glrender\x64\debug\glrender.tlog\link-rc.read.1.tlog
e:\ddl\opengl\glrender\x64\debug\glrender.tlog\link-rc.write.1.tlog
e:\ddl\opengl\glrender\x64\debug\glrender.tlog\link.command.1.tlog
e:\ddl\opengl\glrender\x64\debug\glrender.tlog\link.read.1.tlog
e:\ddl\opengl\glrender\x64\debug\glrender.tlog\link.write.1.tlog
